Added Component: Designator=BT1(CR1220)
Added Component: Designator=C1(0603)
Added Component: Designator=C2(0603)
Added Component: Designator=C3(0603)
Added Component: Designator=C4(0603)
Added Component: Designator=C5(0603)
Added Component: Designator=C6(0603)
Added Component: Designator=C7(0603)
Added Component: Designator=C8(0603)
Added Component: Designator=C9(0603)
Added Component: Designator=C10(0603)
Added Component: Designator=C11(0603)
Added Component: Designator=C12(0805)
Added Component: Designator=C13(0805)
Added Component: Designator=C14(0603)
Added Component: Designator=C15(0603)
Added Component: Designator=C16(0603)
Added Component: Designator=C17(0603)
Added Component: Designator=C18(0603)
Added Component: Designator=C19(0603)
Added Component: Designator=C20(0603)
Added Component: Designator=C21(0603)
Added Component: Designator=C22(CAP_SMD_6.5MM)
Added Component: Designator=C25(0603)
Added Component: Designator=C30(0603)
Added Component: Designator=C31(0603)
Added Component: Designator=C41(0603)
Added Component: Designator=C48(0603)
Added Component: Designator=C49(0603)
Added Component: Designator=C50(0603)
Added Component: Designator=C51(0603)
Added Component: Designator=C52(0603)
Added Component: Designator=C55(0603)
Added Component: Designator=C56(0603)
Added Component: Designator=C57(0603)
Added Component: Designator=C58(0603)
Added Component: Designator=C62(0603)
Added Component: Designator=C63(0603)
Added Component: Designator=C64(0603)
Added Component: Designator=D9(SMA)
Added Component: Designator=J3(2PIN2.54-SMD)
Added Component: Designator=J4(2PIN2.54-SMD)
Added Component: Designator=J5(2PIN2.54-SMD)
Added Component: Designator=J6(HDR1X2)
Added Component: Designator=J7(HDR1X2)
Added Component: Designator=J8(HDR1X5)
Added Component: Designator=J9(1PIN)
Added Component: Designator=J10(FPC-6PIN)
Added Component: Designator=J11(2PIN2.54-SMD)
Added Component: Designator=JP14(DW2.0-8P-SMD)
Added Component: Designator=L1(LS8)
Added Component: Designator=M1(ESP-12S)
Added Component: Designator=P1(HDR1X4)
Added Component: Designator=P2(HDR1X6)
Added Component: Designator=P3(HDR1X4)
Added Component: Designator=P4(HDR1X8)
Added Component: Designator=P5(HDR1X9)
Added Component: Designator=R1(0603)
Added Component: Designator=R2(0603)
Added Component: Designator=R3(0603)
Added Component: Designator=R4(0603)
Added Component: Designator=R5(0603)
Added Component: Designator=R6(0603)
Added Component: Designator=R7(0603)
Added Component: Designator=R8(0603)
Added Component: Designator=R10(0603)
Added Component: Designator=R11(0603)
Added Component: Designator=R20(0603)
Added Component: Designator=R21(0603)
Added Component: Designator=R22(0603)
Added Component: Designator=R23(0603)
Added Component: Designator=R24(0603)
Added Component: Designator=R25(0603)
Added Component: Designator=R26(0603)
Added Component: Designator=R27(0603)
Added Component: Designator=R28(0603)
Added Component: Designator=R42(0603)
Added Component: Designator=R43(0603)
Added Component: Designator=TF CARD(SD_MICRO)
Added Component: Designator=U1(SOP-8)
Added Component: Designator=U2(SOIC-16)
Added Component: Designator=U3(SOP-8)
Added Component: Designator=U5(SOIC-16)
Added Component: Designator=U6(SOT-23-3)
Added Component: Designator=U7(SOT-23-3)
Added Component: Designator=USB1(USB_MICRO)
Added Component: Designator=Y1(SMD-3215)
Added Pin To Net: NetName=3V3 Pin=C1-2
Added Pin To Net: NetName=3V3 Pin=C15-1
Added Pin To Net: NetName=3V3 Pin=C16-1
Added Pin To Net: NetName=3V3 Pin=C17-1
Added Pin To Net: NetName=3V3 Pin=C18-1
Added Pin To Net: NetName=3V3 Pin=C19-2
Added Pin To Net: NetName=3V3 Pin=C20-2
Added Pin To Net: NetName=3V3 Pin=C21-1
Added Pin To Net: NetName=3V3 Pin=C41-1
Added Pin To Net: NetName=3V3 Pin=J10-1
Added Pin To Net: NetName=3V3 Pin=M1-8
Added Pin To Net: NetName=3V3 Pin=R1-1
Added Pin To Net: NetName=3V3 Pin=R2-2
Added Pin To Net: NetName=3V3 Pin=R3-2
Added Pin To Net: NetName=3V3 Pin=R10-1
Added Pin To Net: NetName=3V3 Pin=R11-1
Added Pin To Net: NetName=3V3 Pin=U1-1
Added Pin To Net: NetName=3V3 Pin=U2-16
Added Pin To Net: NetName=3V3 Pin=U5-4
Added Pin To Net: NetName=3V3 Pin=U5-5
Added Pin To Net: NetName=3V3 Pin=U5-6
Added Pin To Net: NetName=3V3 Pin=U5-12
Added Pin To Net: NetName=3V3 Pin=U5-13
Added Pin To Net: NetName=3V3 Pin=U6-1
Added Pin To Net: NetName=3V3 Pin=U7-3
Added Net: Name=3V3
Added Pin To Net: NetName=5V Pin=C10-1
Added Pin To Net: NetName=5V Pin=C11-1
Added Pin To Net: NetName=5V Pin=J8-1
Added Pin To Net: NetName=5V Pin=L1-2
Added Pin To Net: NetName=5V Pin=P1-1
Added Pin To Net: NetName=5V Pin=R5-2
Added Pin To Net: NetName=5V Pin=U7-1
Added Pin To Net: NetName=5V Pin=USB1-1
Added Net: Name=5V
Added Pin To Net: NetName=BUSY Pin=JP14-6
Added Pin To Net: NetName=BUSY Pin=P5-7
Added Net: Name=BUSY
Added Pin To Net: NetName=CTP_INT Pin=J10-6
Added Pin To Net: NetName=CTP_INT Pin=P2-6
Added Net: Name=CTP_INT
Added Pin To Net: NetName=CTP_RET Pin=J10-3
Added Pin To Net: NetName=CTP_RET Pin=P2-3
Added Net: Name=CTP_RET
Added Pin To Net: NetName=CTP_SCL Pin=J10-4
Added Pin To Net: NetName=CTP_SCL Pin=P2-4
Added Pin To Net: NetName=CTP_SCL Pin=R10-2
Added Net: Name=CTP_SCL
Added Pin To Net: NetName=CTP_SDA Pin=J10-5
Added Pin To Net: NetName=CTP_SDA Pin=P2-5
Added Pin To Net: NetName=CTP_SDA Pin=R11-2
Added Net: Name=CTP_SDA
Added Pin To Net: NetName=CVBS Pin=J11-1
Added Pin To Net: NetName=CVBS Pin=P2-1
Added Net: Name=CVBS
Added Pin To Net: NetName=GND Pin=BT1-2
Added Pin To Net: NetName=GND Pin=C1-1
Added Pin To Net: NetName=GND Pin=C4-2
Added Pin To Net: NetName=GND Pin=C5-1
Added Pin To Net: NetName=GND Pin=C8-2
Added Pin To Net: NetName=GND Pin=C9-2
Added Pin To Net: NetName=GND Pin=C10-2
Added Pin To Net: NetName=GND Pin=C11-2
Added Pin To Net: NetName=GND Pin=C12-2
Added Pin To Net: NetName=GND Pin=C13-2
Added Pin To Net: NetName=GND Pin=C14-2
Added Pin To Net: NetName=GND Pin=C15-2
Added Pin To Net: NetName=GND Pin=C16-2
Added Pin To Net: NetName=GND Pin=C17-2
Added Pin To Net: NetName=GND Pin=C18-2
Added Pin To Net: NetName=GND Pin=C19-1
Added Pin To Net: NetName=GND Pin=C20-1
Added Pin To Net: NetName=GND Pin=C21-2
Added Pin To Net: NetName=GND Pin=C22-2
Added Pin To Net: NetName=GND Pin=C30-2
Added Pin To Net: NetName=GND Pin=C41-2
Added Pin To Net: NetName=GND Pin=C48-2
Added Pin To Net: NetName=GND Pin=C49-1
Added Pin To Net: NetName=GND Pin=C50-2
Added Pin To Net: NetName=GND Pin=C51-2
Added Pin To Net: NetName=GND Pin=C52-1
Added Pin To Net: NetName=GND Pin=C55-1
Added Pin To Net: NetName=GND Pin=C57-1
Added Pin To Net: NetName=GND Pin=C64-1
Added Pin To Net: NetName=GND Pin=D9-1
Added Pin To Net: NetName=GND Pin=J3-2
Added Pin To Net: NetName=GND Pin=J6-1
Added Pin To Net: NetName=GND Pin=J7-1
Added Pin To Net: NetName=GND Pin=J8-2
Added Pin To Net: NetName=GND Pin=J10-2
Added Pin To Net: NetName=GND Pin=J10-7
Added Pin To Net: NetName=GND Pin=J10-7
Added Pin To Net: NetName=GND Pin=J11-2
Added Pin To Net: NetName=GND Pin=JP14-1
Added Pin To Net: NetName=GND Pin=JP14-2
Added Pin To Net: NetName=GND Pin=M1-9
Added Pin To Net: NetName=GND Pin=P1-4
Added Pin To Net: NetName=GND Pin=P2-2
Added Pin To Net: NetName=GND Pin=P3-1
Added Pin To Net: NetName=GND Pin=P4-6
Added Pin To Net: NetName=GND Pin=R4-2
Added Pin To Net: NetName=GND Pin=R7-1
Added Pin To Net: NetName=GND Pin=R8-1
Added Pin To Net: NetName=GND Pin=R21-2
Added Pin To Net: NetName=GND Pin=R25-1
Added Pin To Net: NetName=GND Pin=R26-1
Added Pin To Net: NetName=GND Pin=R43-1
Added Pin To Net: NetName=GND Pin=TF CARD-6
Added Pin To Net: NetName=GND Pin=TF CARD-10
Added Pin To Net: NetName=GND Pin=TF CARD-11
Added Pin To Net: NetName=GND Pin=TF CARD-12
Added Pin To Net: NetName=GND Pin=TF CARD-13
Added Pin To Net: NetName=GND Pin=U1-4
Added Pin To Net: NetName=GND Pin=U2-15
Added Pin To Net: NetName=GND Pin=U3-4
Added Pin To Net: NetName=GND Pin=U5-2
Added Pin To Net: NetName=GND Pin=U5-9
Added Pin To Net: NetName=GND Pin=U5-11
Added Pin To Net: NetName=GND Pin=U5-15
Added Pin To Net: NetName=GND Pin=U6-2
Added Pin To Net: NetName=GND Pin=U7-2
Added Pin To Net: NetName=GND Pin=USB1-0
Added Pin To Net: NetName=GND Pin=USB1-0
Added Pin To Net: NetName=GND Pin=USB1-0
Added Pin To Net: NetName=GND Pin=USB1-0
Added Pin To Net: NetName=GND Pin=USB1-5
Added Net: Name=GND
Added Pin To Net: NetName=GPIO18 Pin=J8-5
Added Pin To Net: NetName=GPIO18 Pin=R22-1
Added Net: Name=GPIO18
Added Pin To Net: NetName=GPIO19 Pin=J9-1
Added Pin To Net: NetName=GPIO19 Pin=R20-2
Added Net: Name=GPIO19
Added Pin To Net: NetName=HPL Pin=C25-2
Added Pin To Net: NetName=HPL Pin=C56-1
Added Pin To Net: NetName=HPL Pin=P3-3
Added Pin To Net: NetName=HPL Pin=R8-2
Added Net: Name=HPL
Added Pin To Net: NetName=HPR Pin=C31-2
Added Pin To Net: NetName=HPR Pin=C58-1
Added Pin To Net: NetName=HPR Pin=P3-2
Added Pin To Net: NetName=HPR Pin=R26-2
Added Net: Name=HPR
Added Pin To Net: NetName=MICIN Pin=C62-1
Added Pin To Net: NetName=MICIN Pin=P3-4
Added Net: Name=MICIN
Added Pin To Net: NetName=NetBT1_1 Pin=BT1-1
Added Pin To Net: NetName=NetBT1_1 Pin=U1-8
Added Net: Name=NetBT1_1
Added Pin To Net: NetName=NetC2_1 Pin=C2-1
Added Pin To Net: NetName=NetC2_1 Pin=U2-1
Added Net: Name=NetC2_1
Added Pin To Net: NetName=NetC2_2 Pin=C2-2
Added Pin To Net: NetName=NetC2_2 Pin=U2-3
Added Net: Name=NetC2_2
Added Pin To Net: NetName=NetC3_1 Pin=C3-1
Added Pin To Net: NetName=NetC3_1 Pin=U2-4
Added Net: Name=NetC3_1
Added Pin To Net: NetName=NetC3_2 Pin=C3-2
Added Pin To Net: NetName=NetC3_2 Pin=U2-5
Added Net: Name=NetC3_2
Added Pin To Net: NetName=NetC4_1 Pin=C4-1
Added Pin To Net: NetName=NetC4_1 Pin=U2-2
Added Net: Name=NetC4_1
Added Pin To Net: NetName=NetC5_2 Pin=C5-2
Added Pin To Net: NetName=NetC5_2 Pin=U2-6
Added Net: Name=NetC5_2
Added Pin To Net: NetName=NetC6_1 Pin=C6-1
Added Pin To Net: NetName=NetC6_1 Pin=D9-2
Added Pin To Net: NetName=NetC6_1 Pin=L1-1
Added Pin To Net: NetName=NetC6_1 Pin=U3-3
Added Net: Name=NetC6_1
Added Pin To Net: NetName=NetC6_2 Pin=C6-2
Added Pin To Net: NetName=NetC6_2 Pin=U3-1
Added Net: Name=NetC6_2
Added Pin To Net: NetName=NetC7_1 Pin=C7-1
Added Pin To Net: NetName=NetC7_1 Pin=C9-1
Added Pin To Net: NetName=NetC7_1 Pin=U3-6
Added Net: Name=NetC7_1
Added Pin To Net: NetName=NetC7_2 Pin=C7-2
Added Pin To Net: NetName=NetC7_2 Pin=R7-2
Added Net: Name=NetC7_2
Added Pin To Net: NetName=NetC25_1 Pin=C25-1
Added Pin To Net: NetName=NetC25_1 Pin=R27-2
Added Net: Name=NetC25_1
Added Pin To Net: NetName=NetC30_1 Pin=C30-1
Added Pin To Net: NetName=NetC30_1 Pin=U5-8
Added Net: Name=NetC30_1
Added Pin To Net: NetName=NetC31_1 Pin=C31-1
Added Pin To Net: NetName=NetC31_1 Pin=R28-2
Added Net: Name=NetC31_1
Added Pin To Net: NetName=NetC51_1 Pin=C51-1
Added Pin To Net: NetName=NetC51_1 Pin=R23-1
Added Pin To Net: NetName=NetC51_1 Pin=R24-2
Added Net: Name=NetC51_1
Added Pin To Net: NetName=NetC52_2 Pin=C52-2
Added Pin To Net: NetName=NetC52_2 Pin=C63-2
Added Pin To Net: NetName=NetC52_2 Pin=J3-1
Added Pin To Net: NetName=NetC52_2 Pin=R24-1
Added Net: Name=NetC52_2
Added Pin To Net: NetName=NetC55_2 Pin=C55-2
Added Pin To Net: NetName=NetC55_2 Pin=C56-2
Added Pin To Net: NetName=NetC55_2 Pin=R20-1
Added Pin To Net: NetName=NetC55_2 Pin=R21-1
Added Net: Name=NetC55_2
Added Pin To Net: NetName=NetC57_2 Pin=C57-2
Added Pin To Net: NetName=NetC57_2 Pin=C58-2
Added Pin To Net: NetName=NetC57_2 Pin=R22-2
Added Pin To Net: NetName=NetC57_2 Pin=R25-2
Added Net: Name=NetC57_2
Added Pin To Net: NetName=NetC62_2 Pin=C62-2
Added Pin To Net: NetName=NetC62_2 Pin=R42-1
Added Net: Name=NetC62_2
Added Pin To Net: NetName=NetC63_1 Pin=C63-1
Added Pin To Net: NetName=NetC63_1 Pin=C64-2
Added Pin To Net: NetName=NetC63_1 Pin=R42-2
Added Pin To Net: NetName=NetC63_1 Pin=R43-2
Added Net: Name=NetC63_1
Added Pin To Net: NetName=NetJ4_1 Pin=J4-1
Added Pin To Net: NetName=NetJ4_1 Pin=U5-1
Added Net: Name=NetJ4_1
Added Pin To Net: NetName=NetJ4_2 Pin=J4-2
Added Pin To Net: NetName=NetJ4_2 Pin=U5-3
Added Net: Name=NetJ4_2
Added Pin To Net: NetName=NetJ5_1 Pin=J5-1
Added Pin To Net: NetName=NetJ5_1 Pin=U5-14
Added Net: Name=NetJ5_1
Added Pin To Net: NetName=NetJ5_2 Pin=J5-2
Added Pin To Net: NetName=NetJ5_2 Pin=U5-16
Added Net: Name=NetJ5_2
Added Pin To Net: NetName=NetR4_1 Pin=R4-1
Added Pin To Net: NetName=NetR4_1 Pin=R5-1
Added Pin To Net: NetName=NetR4_1 Pin=U3-5
Added Net: Name=NetR4_1
Added Pin To Net: NetName=NetR6_1 Pin=R6-1
Added Pin To Net: NetName=NetR6_1 Pin=U3-7
Added Net: Name=NetR6_1
Added Pin To Net: NetName=NetR27_1 Pin=R27-1
Added Pin To Net: NetName=NetR27_1 Pin=U5-7
Added Net: Name=NetR27_1
Added Pin To Net: NetName=NetR28_1 Pin=R28-1
Added Pin To Net: NetName=NetR28_1 Pin=U5-10
Added Net: Name=NetR28_1
Added Pin To Net: NetName=NetU1_2 Pin=U1-2
Added Pin To Net: NetName=NetU1_2 Pin=Y1-1
Added Net: Name=NetU1_2
Added Pin To Net: NetName=NetU1_3 Pin=U1-3
Added Pin To Net: NetName=NetU1_3 Pin=Y1-2
Added Net: Name=NetU1_3
Added Pin To Net: NetName=POWER INPUT Pin=C12-1
Added Pin To Net: NetName=POWER INPUT Pin=C13-1
Added Pin To Net: NetName=POWER INPUT Pin=C14-1
Added Pin To Net: NetName=POWER INPUT Pin=C22-1
Added Pin To Net: NetName=POWER INPUT Pin=JP14-7
Added Pin To Net: NetName=POWER INPUT Pin=JP14-8
Added Pin To Net: NetName=POWER INPUT Pin=R6-2
Added Pin To Net: NetName=POWER INPUT Pin=U3-2
Added Net: Name=POWER INPUT
Added Pin To Net: NetName=RS RX Pin=JP14-3
Added Pin To Net: NetName=RS RX Pin=JP14-4
Added Pin To Net: NetName=RS RX Pin=U2-13
Added Net: Name=RS RX
Added Pin To Net: NetName=RST Pin=P5-4
Added Pin To Net: NetName=RST Pin=R1-2
Added Pin To Net: NetName=RST Pin=U1-5
Added Net: Name=RST
Added Pin To Net: NetName=RS TX Pin=JP14-5
Added Pin To Net: NetName=RS TX Pin=U2-14
Added Net: Name=RS TX
Added Pin To Net: NetName=RUN Pin=J7-2
Added Pin To Net: NetName=RUN Pin=P5-3
Added Net: Name=RUN
Added Pin To Net: NetName=RX2 Pin=J8-4
Added Pin To Net: NetName=RX2 Pin=M1-15
Added Pin To Net: NetName=RX2 Pin=P5-1
Added Net: Name=RX2
Added Pin To Net: NetName=RX Pin=P5-9
Added Pin To Net: NetName=RX Pin=U2-12
Added Net: Name=RX
Added Pin To Net: NetName=SCL Pin=P5-6
Added Pin To Net: NetName=SCL Pin=R3-1
Added Pin To Net: NetName=SCL Pin=U1-7
Added Net: Name=SCL
Added Pin To Net: NetName=SDA Pin=P5-5
Added Pin To Net: NetName=SDA Pin=R2-1
Added Pin To Net: NetName=SDA Pin=U1-6
Added Net: Name=SDA
Added Pin To Net: NetName=SDC0_CLK Pin=TF CARD-5
Added Net: Name=SDC0_CLK
Added Pin To Net: NetName=SDC0_CMD Pin=TF CARD-3
Added Net: Name=SDC0_CMD
Added Pin To Net: NetName=SDC0_D0 Pin=TF CARD-7
Added Net: Name=SDC0_D0
Added Pin To Net: NetName=SDC0_D1 Pin=TF CARD-8
Added Net: Name=SDC0_D1
Added Pin To Net: NetName=SDC0_D2 Pin=TF CARD-1
Added Net: Name=SDC0_D2
Added Pin To Net: NetName=SDC0_D3 Pin=TF CARD-2
Added Net: Name=SDC0_D3
Added Pin To Net: NetName=TV Pin=J6-2
Added Net: Name=TV
Added Pin To Net: NetName=TX2 Pin=J8-3
Added Pin To Net: NetName=TX2 Pin=M1-16
Added Pin To Net: NetName=TX2 Pin=P5-2
Added Net: Name=TX2
Added Pin To Net: NetName=TX Pin=P5-8
Added Pin To Net: NetName=TX Pin=U2-11
Added Net: Name=TX
Added Pin To Net: NetName=USB_DM Pin=P1-2
Added Pin To Net: NetName=USB_DM Pin=USB1-2
Added Net: Name=USB_DM
Added Pin To Net: NetName=USB_DP Pin=P1-3
Added Pin To Net: NetName=USB_DP Pin=USB1-3
Added Net: Name=USB_DP
Added Pin To Net: NetName=VCC3.0V Pin=C48-1
Added Pin To Net: NetName=VCC3.0V Pin=C49-2
Added Pin To Net: NetName=VCC3.0V Pin=C50-1
Added Pin To Net: NetName=VCC3.0V Pin=R23-2
Added Pin To Net: NetName=VCC3.0V Pin=U6-3
Added Net: Name=VCC3.0V
Added Class: Name=bottom board
Added Room: Name=bottom board
